{
  "stats": {
    "suites": 4,
    "tests": 17,
    "passes": 17,
    "pending": 0,
    "failures": 0,
    "start": "2019-10-28T10:31:40.418Z",
    "end": "2019-10-28T10:34:31.183Z",
    "duration": 170765,
    "testsRegistered": 17,
    "passPercent": 100,
    "pendingPercent": 0,
    "other": 0,
    "hasOther": false,
    "skipped": 0,
    "hasSkipped": false,
    "passPercentClass": "success",
    "pendingPercentClass": "danger"
  },
  "suites": {
    "uuid": "43b3820e-fb7a-4a58-9fcc-aa8de2f10407",
    "title": "",
    "fullFile": "",
    "file": "",
    "beforeHooks": [],
    "afterHooks": [],
    "tests": [],
    "suites": [
      {
        "uuid": "bea21ccd-e5b6-4f6c-97f5-8ddb6c53d359",
        "title": "",
        "fullFile": "",
        "file": "",
        "beforeHooks": [],
        "afterHooks": [],
        "tests": [],
        "suites": [
          {
            "uuid": "0050d6e3-b711-486f-978b-e2315eb9ec50",
            "title": "Hotel Selection",
            "fullFile": "C:\\Users\\ACER\\Desktop\\NodeJS-JavaScript-Selenium Automation\\test\\hotelSelection.spec.js",
            "file": "\\test\\hotelSelection.spec.js",
            "beforeHooks": [
              {
                "title": "\"before all\" hook",
                "fullTitle": " Hotel Selection \"before all\" hook",
                "timedOut": false,
                "duration": 87116,
                "pass": false,
                "fail": false,
                "pending": false,
                "code": "let isDisplayed = await page.price();\nexpect(isDisplayed).to.be.true;\nisDisplayed = await page.priceValueDesc();\nexpect(isDisplayed).to.be.true;",
                "err": {},
                "isRoot": false,
                "uuid": "f0e81477-6ff9-4fa0-bf8c-75760e7bdcda",
                "isHook": true,
                "skipped": false
              }
            ],
            "afterHooks": [
              {
                "title": "\"after all\" hook",
                "fullTitle": " Hotel Selection \"after all\" hook",
                "timedOut": false,
                "duration": 1960,
                "pass": false,
                "fail": false,
                "pending": false,
                "code": "let isDisplayed = await page.price();\nexpect(isDisplayed).to.be.true;\nisDisplayed = await page.priceValueDesc();\nexpect(isDisplayed).to.be.true;",
                "err": {},
                "isRoot": false,
                "uuid": "3001569d-39c4-4ce4-ab2e-3cc7b0f95ee1",
                "isHook": true,
                "skipped": false
              },
              {
                "title": "\"after each\" hook",
                "fullTitle": " Hotel Selection \"after each\" hook",
                "timedOut": false,
                "duration": 1,
                "pass": false,
                "fail": false,
                "pending": false,
                "code": "let isDisplayed = await page.price();\nexpect(isDisplayed).to.be.true;\nisDisplayed = await page.priceValueDesc();\nexpect(isDisplayed).to.be.true;",
                "err": {},
                "isRoot": false,
                "uuid": "73eb2966-2c0c-4ab1-bf11-5f8a7dba096a",
                "isHook": true,
                "skipped": false
              }
            ],
            "tests": [
              {
                "title": "Check the title of the page",
                "fullTitle": " Hotel Selection Check the title of the page",
                "timedOut": false,
                "duration": 1263,
                "state": "passed",
                "speed": "slow",
                "pass": true,
                "fail": false,
                "pending": false,
                "code": "let isDisplayed = await page.price();\nexpect(isDisplayed).to.be.true;\nisDisplayed = await page.priceValueDesc();\nexpect(isDisplayed).to.be.true;",
                "err": {},
                "isRoot": false,
                "uuid": "9c549cad-a510-4dbb-a4f1-873a0d8981d7",
                "isHook": false,
                "skipped": false
              },
              {
                "title": "Verify whether the cookie Button is enabled and click on it on home page",
                "fullTitle": " Hotel Selection Verify whether the cookie Button is enabled and click on it on home page",
                "timedOut": false,
                "duration": 3068,
                "state": "passed",
                "speed": "slow",
                "pass": true,
                "fail": false,
                "pending": false,
                "code": "let isDisplayed = await page.price();\nexpect(isDisplayed).to.be.true;\nisDisplayed = await page.priceValueDesc();\nexpect(isDisplayed).to.be.true;",
                "err": {},
                "isRoot": false,
                "uuid": "f2eea9de-4c4b-4499-a763-337e8ca7711c",
                "isHook": false,
                "skipped": false
              },
              {
                "title": "Enter Country as Mallorca in the Search box and check whether it is Enabled",
                "fullTitle": " Hotel Selection Enter Country as Mallorca in the Search box and check whether it is Enabled",
                "timedOut": false,
                "duration": 10105,
                "state": "passed",
                "speed": "slow",
                "pass": true,
                "fail": false,
                "pending": false,
                "code": "let isDisplayed = await page.price();\nexpect(isDisplayed).to.be.true;\nisDisplayed = await page.priceValueDesc();\nexpect(isDisplayed).to.be.true;",
                "err": {},
                "isRoot": false,
                "uuid": "eabcea04-b893-45be-8c71-fa338bbd8e2f",
                "isHook": false,
                "skipped": false
              },
              {
                "title": "Verify submit button's text and it's state is enabled on the 'start page'",
                "fullTitle": " Hotel Selection Verify submit button's text and it's state is enabled on the 'start page'",
                "timedOut": false,
                "duration": 382,
                "state": "passed",
                "speed": "slow",
                "pass": true,
                "fail": false,
                "pending": false,
                "code": "let isDisplayed = await page.price();\nexpect(isDisplayed).to.be.true;\nisDisplayed = await page.priceValueDesc();\nexpect(isDisplayed).to.be.true;",
                "err": {},
                "isRoot": false,
                "uuid": "4dc7f20c-eca1-4976-aabe-1289eca9d943",
                "isHook": false,
                "skipped": false
              },
              {
                "title": "Click on submit button and verify the url",
                "fullTitle": " Hotel Selection Click on submit button and verify the url",
                "timedOut": false,
                "duration": 15435,
                "state": "passed",
                "speed": "slow",
                "pass": true,
                "fail": false,
                "pending": false,
                "code": "let isDisplayed = await page.price();\nexpect(isDisplayed).to.be.true;\nisDisplayed = await page.priceValueDesc();\nexpect(isDisplayed).to.be.true;",
                "err": {},
                "isRoot": false,
                "uuid": "2385a6ce-cf11-4d38-8ab7-a0b916342480",
                "isHook": false,
                "skipped": false
              },
              {
                "title": "Verify 'Zu den Angeboten' button is enabled to select the hotel on the 'Hotelauswahl page'",
                "fullTitle": " Hotel Selection Verify 'Zu den Angeboten' button is enabled to select the hotel on the 'Hotelauswahl page'",
                "timedOut": false,
                "duration": 224,
                "state": "passed",
                "speed": "slow",
                "pass": true,
                "fail": false,
                "pending": false,
                "code": "let isDisplayed = await page.price();\nexpect(isDisplayed).to.be.true;\nisDisplayed = await page.priceValueDesc();\nexpect(isDisplayed).to.be.true;",
                "err": {},
                "isRoot": false,
                "uuid": "bf6ecbc6-c2d0-4a99-aea7-70c3021fdc54",
                "isHook": false,
                "skipped": false
              },
              {
                "title": "Click on the selected hotel and user is navigated to 'Hotel Details page'",
                "fullTitle": " Hotel Selection Click on the selected hotel and user is navigated to 'Hotel Details page'",
                "timedOut": false,
                "duration": 16740,
                "state": "passed",
                "speed": "slow",
                "pass": true,
                "fail": false,
                "pending": false,
                "code": "let isDisplayed = await page.price();\nexpect(isDisplayed).to.be.true;\nisDisplayed = await page.priceValueDesc();\nexpect(isDisplayed).to.be.true;",
                "err": {},
                "isRoot": false,
                "uuid": "66ac8122-980c-4bc1-abe7-5f383479cfd2",
                "isHook": false,
                "skipped": false
              }
            ],
            "suites": [],
            "passes": [
              "9c549cad-a510-4dbb-a4f1-873a0d8981d7",
              "f2eea9de-4c4b-4499-a763-337e8ca7711c",
              "eabcea04-b893-45be-8c71-fa338bbd8e2f",
              "4dc7f20c-eca1-4976-aabe-1289eca9d943",
              "2385a6ce-cf11-4d38-8ab7-a0b916342480",
              "bf6ecbc6-c2d0-4a99-aea7-70c3021fdc54",
              "66ac8122-980c-4bc1-abe7-5f383479cfd2"
            ],
            "failures": [],
            "pending": [],
            "skipped": [],
            "duration": 47217,
            "root": false,
            "rootEmpty": false,
            "_timeout": 100000
          }
        ],
        "passes": [],
        "failures": [],
        "pending": [],
        "skipped": [],
        "duration": 0,
        "root": false,
        "rootEmpty": false,
        "_timeout": 2000
      },
      {
        "uuid": "7a90970a-2c07-418a-835f-436ba6a518e0",
        "title": "",
        "fullFile": "",
        "file": "",
        "beforeHooks": [],
        "afterHooks": [],
        "tests": [],
        "suites": [
          {
            "uuid": "234c2ad0-5eb3-4771-91c8-22dfe0e8451a",
            "title": "Automated test for short trip scenario to Madrid for 2 Adults",
            "fullFile": "C:\\Users\\ACER\\Desktop\\NodeJS-JavaScript-Selenium Automation\\test\\homePage.spec.js",
            "file": "\\test\\homePage.spec.js",
            "beforeHooks": [
              {
                "title": "\"before all\" hook",
                "fullTitle": " Automated test for short trip scenario to Madrid for 2 Adults \"before all\" hook",
                "timedOut": false,
                "duration": 91132,
                "pass": false,
                "fail": false,
                "pending": false,
                "code": "let isDisplayed = await page.price();\nexpect(isDisplayed).to.be.true;\nisDisplayed = await page.priceValueDesc();\nexpect(isDisplayed).to.be.true;",
                "err": {},
                "isRoot": false,
                "uuid": "9d2d8dd0-1f3b-4430-b8e1-5e7209fbe4a7",
                "isHook": true,
                "skipped": false
              }
            ],
            "afterHooks": [
              {
                "title": "\"after all\" hook",
                "fullTitle": " Automated test for short trip scenario to Madrid for 2 Adults \"after all\" hook",
                "timedOut": false,
                "duration": 552,
                "pass": false,
                "fail": false,
                "pending": false,
                "code": "let isDisplayed = await page.price();\nexpect(isDisplayed).to.be.true;\nisDisplayed = await page.priceValueDesc();\nexpect(isDisplayed).to.be.true;",
                "err": {},
                "isRoot": false,
                "uuid": "848555a7-8bbb-4182-911a-eda5c981e552",
                "isHook": true,
                "skipped": false
              },
              {
                "title": "\"after each\" hook",
                "fullTitle": " Automated test for short trip scenario to Madrid for 2 Adults \"after each\" hook",
                "timedOut": false,
                "duration": 1,
                "pass": false,
                "fail": false,
                "pending": false,
                "code": "let isDisplayed = await page.price();\nexpect(isDisplayed).to.be.true;\nisDisplayed = await page.priceValueDesc();\nexpect(isDisplayed).to.be.true;",
                "err": {},
                "isRoot": false,
                "uuid": "64d88dba-6d81-4dfa-8564-5b5135484b59",
                "isHook": true,
                "skipped": false
              }
            ],
            "tests": [
              {
                "title": "Check the title of the page",
                "fullTitle": " Automated test for short trip scenario to Madrid for 2 Adults Check the title of the page",
                "timedOut": false,
                "duration": 116,
                "state": "passed",
                "speed": "slow",
                "pass": true,
                "fail": false,
                "pending": false,
                "code": "let isDisplayed = await page.price();\nexpect(isDisplayed).to.be.true;\nisDisplayed = await page.priceValueDesc();\nexpect(isDisplayed).to.be.true;",
                "err": {},
                "isRoot": false,
                "uuid": "944a8798-9f01-40f3-960d-678f6b5305ad",
                "isHook": false,
                "skipped": false
              },
              {
                "title": "Verify whether the cookie Button is enabled and click on it on home page",
                "fullTitle": " Automated test for short trip scenario to Madrid for 2 Adults Verify whether the cookie Button is enabled and click on it on home page",
                "timedOut": false,
                "duration": 1142,
                "state": "passed",
                "speed": "slow",
                "pass": true,
                "fail": false,
                "pending": false,
                "code": "let isDisplayed = await page.price();\nexpect(isDisplayed).to.be.true;\nisDisplayed = await page.priceValueDesc();\nexpect(isDisplayed).to.be.true;",
                "err": {},
                "isRoot": false,
                "uuid": "4c06cdef-033d-4323-83ca-a8e3779e24a5",
                "isHook": false,
                "skipped": false
              },
              {
                "title": "Select the menu item Hotel(City) option",
                "fullTitle": " Automated test for short trip scenario to Madrid for 2 Adults Select the menu item Hotel(City) option",
                "timedOut": false,
                "duration": 2638,
                "state": "passed",
                "speed": "slow",
                "pass": true,
                "fail": false,
                "pending": false,
                "code": "let isDisplayed = await page.price();\nexpect(isDisplayed).to.be.true;\nisDisplayed = await page.priceValueDesc();\nexpect(isDisplayed).to.be.true;",
                "err": {},
                "isRoot": false,
                "uuid": "31bb40b3-bb42-4825-8261-09f4215f3880",
                "isHook": false,
                "skipped": false
              },
              {
                "title": "Enter City as Madrid in the Search box and check whether it is Enabled",
                "fullTitle": " Automated test for short trip scenario to Madrid for 2 Adults Enter City as Madrid in the Search box and check whether it is Enabled",
                "timedOut": false,
                "duration": 5819,
                "state": "passed",
                "speed": "slow",
                "pass": true,
                "fail": false,
                "pending": false,
                "code": "let isDisplayed = await page.price();\nexpect(isDisplayed).to.be.true;\nisDisplayed = await page.priceValueDesc();\nexpect(isDisplayed).to.be.true;",
                "err": {},
                "isRoot": false,
                "uuid": "dd5f84f4-450f-4c02-b76e-b0bf57392d1a",
                "isHook": false,
                "skipped": false
              },
              {
                "title": "Select the Departure and Return date for the Journey",
                "fullTitle": " Automated test for short trip scenario to Madrid for 2 Adults Select the Departure and Return date for the Journey",
                "timedOut": false,
                "duration": 18319,
                "state": "passed",
                "speed": "slow",
                "pass": true,
                "fail": false,
                "pending": false,
                "code": "let isDisplayed = await page.price();\nexpect(isDisplayed).to.be.true;\nisDisplayed = await page.priceValueDesc();\nexpect(isDisplayed).to.be.true;",
                "err": {},
                "isRoot": false,
                "uuid": "88d40079-1d98-4264-932d-7510645abe91",
                "isHook": false,
                "skipped": false
              },
              {
                "title": "Verify submit button's text and it's state is enabled",
                "fullTitle": " Automated test for short trip scenario to Madrid for 2 Adults Verify submit button's text and it's state is enabled",
                "timedOut": false,
                "duration": 674,
                "state": "passed",
                "speed": "slow",
                "pass": true,
                "fail": false,
                "pending": false,
                "code": "let isDisplayed = await page.price();\nexpect(isDisplayed).to.be.true;\nisDisplayed = await page.priceValueDesc();\nexpect(isDisplayed).to.be.true;",
                "err": {},
                "isRoot": false,
                "uuid": "c88de6df-dce3-4c04-97f8-3f3b5b28426a",
                "isHook": false,
                "skipped": false
              },
              {
                "title": "Click on submit button and verify the url",
                "fullTitle": " Automated test for short trip scenario to Madrid for 2 Adults Click on submit button and verify the url",
                "timedOut": false,
                "duration": 24844,
                "state": "passed",
                "speed": "slow",
                "pass": true,
                "fail": false,
                "pending": false,
                "code": "let isDisplayed = await page.price();\nexpect(isDisplayed).to.be.true;\nisDisplayed = await page.priceValueDesc();\nexpect(isDisplayed).to.be.true;",
                "err": {},
                "isRoot": false,
                "uuid": "0e0d703c-93f1-48ab-8785-0af9fff46f20",
                "isHook": false,
                "skipped": false
              },
              {
                "title": "Click on five star rating (sterne) icon",
                "fullTitle": " Automated test for short trip scenario to Madrid for 2 Adults Click on five star rating (sterne) icon",
                "timedOut": false,
                "duration": 518,
                "state": "passed",
                "speed": "slow",
                "pass": true,
                "fail": false,
                "pending": false,
                "code": "let isDisplayed = await page.price();\nexpect(isDisplayed).to.be.true;\nisDisplayed = await page.priceValueDesc();\nexpect(isDisplayed).to.be.true;",
                "err": {},
                "isRoot": false,
                "uuid": "6af6a29a-9f95-4e83-a0bc-544c94a54b0c",
                "isHook": false,
                "skipped": false
              },
              {
                "title": "Click on best review rating (Bewertung) icon",
                "fullTitle": " Automated test for short trip scenario to Madrid for 2 Adults Click on best review rating (Bewertung) icon",
                "timedOut": false,
                "duration": 1786,
                "state": "passed",
                "speed": "slow",
                "pass": true,
                "fail": false,
                "pending": false,
                "code": "let isDisplayed = await page.price();\nexpect(isDisplayed).to.be.true;\nisDisplayed = await page.priceValueDesc();\nexpect(isDisplayed).to.be.true;",
                "err": {},
                "isRoot": false,
                "uuid": "40405db8-8697-400e-9495-08f32704bc96",
                "isHook": false,
                "skipped": false
              },
              {
                "title": "Click on price tab to see the price in descending order",
                "fullTitle": " Automated test for short trip scenario to Madrid for 2 Adults Click on price tab to see the price in descending order",
                "timedOut": false,
                "duration": 1591,
                "state": "passed",
                "speed": "slow",
                "pass": true,
                "fail": false,
                "pending": false,
                "code": "let isDisplayed = await page.price();\nexpect(isDisplayed).to.be.true;\nisDisplayed = await page.priceValueDesc();\nexpect(isDisplayed).to.be.true;",
                "err": {},
                "isRoot": false,
                "uuid": "82b0750e-9056-4cb5-94b6-247788829e00",
                "isHook": false,
                "skipped": false
              }
            ],
            "suites": [],
            "passes": [
              "944a8798-9f01-40f3-960d-678f6b5305ad",
              "4c06cdef-033d-4323-83ca-a8e3779e24a5",
              "31bb40b3-bb42-4825-8261-09f4215f3880",
              "dd5f84f4-450f-4c02-b76e-b0bf57392d1a",
              "88d40079-1d98-4264-932d-7510645abe91",
              "c88de6df-dce3-4c04-97f8-3f3b5b28426a",
              "0e0d703c-93f1-48ab-8785-0af9fff46f20",
              "6af6a29a-9f95-4e83-a0bc-544c94a54b0c",
              "40405db8-8697-400e-9495-08f32704bc96",
              "82b0750e-9056-4cb5-94b6-247788829e00"
            ],
            "failures": [],
            "pending": [],
            "skipped": [],
            "duration": 57447,
            "root": false,
            "rootEmpty": false,
            "_timeout": 100000
          }
        ],
        "passes": [],
        "failures": [],
        "pending": [],
        "skipped": [],
        "duration": 0,
        "root": false,
        "rootEmpty": false,
        "_timeout": 2000
      }
    ],
    "passes": [],
    "failures": [],
    "pending": [],
    "skipped": [],
    "duration": 0,
    "root": true,
    "rootEmpty": true,
    "_timeout": 2000
  },
  "copyrightYear": 2019
}